maria no se encuentra en el sistema
/home/maria no existe
--> Usario maria creado
maria no se encuentra en el sistema
/home/maria no existe
--> Usario maria creado
--> SSH configurado en puerto 2345
maria no se encuentra en el sistema
/home/maria no existe
--> Usario maria creado
--> SSH configurado en puerto 2345
maria no se encuentra en el sistema
/home/maria no existe
--> Clave SSH configurada para maria y root
--> Usario maria creado
--> SSH configurado en puerto 2345
maria no se encuentra en el sistema
/home/maria no existe
--> Clave SSH configurada para maria y root
--> Usario maria creado
--> SSH configurado en puerto 2345
